<?xml version="1.0" encoding="UTF-8"?>
<testng-results skipped="0" failed="0" ignored="0" total="1" passed="1">
  <reporter-output>
  </reporter-output>
  <suite name="Default suite" duration-ms="403161" started-at="2022-07-13T11:52:02 EDT" finished-at="2022-07-13T11:58:45 EDT">
    <groups>
    </groups>
    <test name="Default test" duration-ms="403161" started-at="2022-07-13T11:52:02 EDT" finished-at="2022-07-13T11:58:45 EDT">
      <class name="LaunchScript.LaunchScript">
        <test-method status="PASS" signature="Launch()[pri:0, instance:LaunchScript.LaunchScript@1d8d30f7]" name="Launch" duration-ms="403117" started-at="2022-07-13T11:52:02 EDT" finished-at="2022-07-13T11:58:45 EDT">
          <reporter-output>
          </reporter-output>
        </test-method> <!-- Launch -->
      </class> <!-- LaunchScript.LaunchScript -->
    </test> <!-- Default test -->
  </suite> <!-- Default suite -->
</testng-results>
